********************************************************************************
DUPLICATOR-LITE PACKAGE-LOG: 16 May 2021 7h30
NOTICE: Do NOT post to public sites or forums 
********************************************************************************
VERSION:	1.4.0
WORDPRESS:	5.7.2
PHP INFO:	7.4.15 | SAPI: fpm-fcgi
SERVER:		Apache 
PHP TIME LIMIT: [165] not allowed 
PHP MAX MEMORY: 4294967296 (512M default) 
MEMORY STACK: 2MB

********************************************************************************
DATABASE:
********************************************************************************
BUILD MODE:   PHP(query limit - 100)
MYSQLTIMEOUT: 5000
MYSQLDUMP:    Is Supported
TABLES: total:15 | filtered:0 | create:15
FILTERED: []
SQL CREATED: 20210508_heorvesprixdelecture_ae45f0868566378a6404_20210516073003_database.sql
SQL FILE SIZE: 1.66MB (1744058)
SQL FILE TIME: 2021-05-16 07:30:28
SQL RUNTIME: 0.22 sec.

********************************************************************************
ARCHIVE (ZIP):
********************************************************************************
ARCHIVE DIR:  /home/heorvez/www
ARCHIVE FILE: 20210508_heorvesprixdelecture_ae45f0868566378a6404_20210516073003_archive.zip
FILTERS: *OFF*
DIRS:
	not set
FILES:
	not set
EXTS:  not set
----------------------------------------
COMPRESSING
SIZE:	138.38MB
STATS:	Dirs 1,177 | Files 7,874
SQL ADDED: 20210508_heorvesprixdelecture_ae45f0868566378a6404_20210516073003_database.sql
ZipArchive Object
(
    [status] => 0
    [statusSys] => 0
    [numFiles] => 9051
    [filename] => /home/heorvez/www/wp-content/backups-dup-lite/tmp/20210508_heorvesprixdelecture_ae45f0868566378a6404_20210516073003_archive.zip
    [comment] => 
)

FILE ADDED TO ZIP: 9050
COMPRESSION RESULT: '1'
COMPRESSED SIZE: 49.9MB
ARCHIVE RUNTIME: 34.94 sec.
MEMORY STACK: 6MB
building installer
add_extra_files1
add_extra_files2
add_extra_files3
add_extra_files4
Doing archive file check
add_extra_files5
add_extra_files6
add_extra_files8
Successfully opened zip /home/heorvez/www/wp-content/backups-dup-lite/tmp/20210508_heorvesprixdelecture_ae45f0868566378a6404_20210516073003_archive.zip
Adding enhanced installer files to archive using ZipArchive
Installer files added to archive
Added to archive
After ziparchive close when adding installer

********************************************************************************
INTEGRITY CHECKS:
********************************************************************************
SQL FILE: 1.66MB
INSTALLER FILE: 63.96KB
ARCHIVE FILE: 51.45MB 
COMPTE ATTENDU DE FICHIERS/RÉPERTOIRES : 9,051
COMPTE ACTUEL DE FICHIERS/RÉPERTOIRES : 9,050
TEST DE COHÉRENCE D’ARCHIVE : Bon

********************************************************************************
RECORD ID:[4]
TOTAL PROCESS RUNTIME: 38.27 sec.
PEAK PHP MEMORY USED: 6MB
DONE PROCESSING => 20210508_heorvesprixdelecture 16 May 2021 7h31

