********************************************************************************
DUPLICATOR-LITE PACKAGE-LOG: 16 May 2021 7h28
NOTICE: Do NOT post to public sites or forums 
********************************************************************************
VERSION:	1.4.0
WORDPRESS:	5.7.2
PHP INFO:	7.4.15 | SAPI: fpm-fcgi
SERVER:		Apache 
PHP TIME LIMIT: [165] not allowed 
PHP MAX MEMORY: 4294967296 (512M default) 
MEMORY STACK: 16MB

********************************************************************************
DATABASE:
********************************************************************************
BUILD MODE:   MYSQLDUMP
MYSQLTIMEOUT: 5000
MYSQLDUMP:    Is Supported
MYSQL DUMP ERROR -1

==================================================================================
DUPLICATOR ERROR
Please try again! If the error persists see the Duplicator 'Help' menu.
---------------------------------------------------------------------------------
MESSAGE:
	Erreur shell de dump mysql. Changez le script SQL à « Code PHP » dans Duplicator > Réglages > Paquets.
DETAILS:
	INSERT INTO `wp_users` VALUES (1,'heo','$P$BO.aKyLWGKCVbTmNiizeTqPWewTBwp/','heo','histo44@aol.com','https://heorves','2021-03-01 16:08:23','1620562511:$P$BrFinWUTbJjJB/gD4zgl9TvwXXqH4L.',0,'heo'),(2,'toto','$P$B4aZZOzdZq75dMMwZphYXnJ0DOgFh40','toto','pascalboucault@aol.com','','2021-03-16 09:38:00','1620554599:$P$B8Ex6BtakC3RlUR4EBZyebfHttZ/ql/',0,'toto');
/*!40000 ALTER TABLE `wp_users` ENABLE KEYS */;
UNLOCK TABLES;
/*!40103 SET TIME_ZONE=@OLD_TIME_ZONE */;
/*!40101 SET SQL_MODE=@OLD_SQL_MODE */;
/*!40014 SET FOREIGN_KEY_CHECKS=@OLD_FOREIGN_KEY_CHECKS */;
/*!40014 SET UNIQUE_CHECKS=@OLD_UNIQUE_CHECKS */;
/*!40111 SET SQL_NOTES=@OLD_SQL_NOTES */;
/* Duplicator WordPress Timestamp: 2021-05-16 07:28:33*/
/* DUPLICATOR_MYSQLDUMP_EOF */
TRACE:
	 1. class.pack.database.php : Error (572)
	 2. class.pack.database.php : mysqlDump (208)
	 3. class.pack.php : build (1311)
	 4. ctrl.package.php : runZipBuild (98)
	 5. class-wp-hook.php : duplicator_package_build (292)
	 6. class-wp-hook.php : apply_filters (316)
	 7. plugin.php : do_action (484)
	 8. admin-ajax.php : do_action (187)
==================================================================================


==================================================================================
DUPLICATOR ERROR
Please try again! If the error persists see the Duplicator 'Help' menu.
---------------------------------------------------------------------------------
MESSAGE:
	Runtime error in DUP_Database::Build. Erreur shell de dump mysql. Changez le script SQL à « Code PHP » dans Duplicator > Réglages > Paquets.
DETAILS:
	Exception: Exception: Erreur shell de dump mysql. Changez le script SQL à « Code PHP » dans Duplicator > Réglages > Paquets. in /home/heorvez/www/wp-content/plugins/duplicator/classes/class.logging.php:275
Stack trace:
#0 /home/heorvez/www/wp-content/plugins/duplicator/classes/package/class.pack.database.php(572): DUP_Log::Error('Erreur shell de...', 'INSERT INTO `wp...', 1)
#1 /home/heorvez/www/wp-content/plugins/duplicator/classes/package/class.pack.database.php(208): DUP_Database->mysqlDump('mysqldump')
#2 /home/heorvez/www/wp-content/plugins/duplicator/classes/package/class.pack.php(1311): DUP_Database->build(Object(DUP_Package), 1)
#3 /home/heorvez/www/wp-content/plugins/duplicator/ctrls/ctrl.package.php(98): DUP_Package->runZipBuild()
#4 /home/heorvez/www/wp-includes/class-wp-hook.php(292): duplicator_package_build('')
#5 /home/heorvez/www/wp-includes/class-wp-hook.php(316): WP_Hook->apply_filters('', Array)
#6 /home/heorvez/www/wp-includes/plugin.php(484): WP_Hook->do_action(Array)
#7 /home/heorvez/www/wp-admin/admin-ajax.php(187): do_action('wp_ajax_duplica...')
#8 {main}
TRACE:
	 1. class.pack.database.php : Error (243)
	 2. class.pack.php : build (1311)
	 3. ctrl.package.php : runZipBuild (98)
	 4. class-wp-hook.php : duplicator_package_build (292)
	 5. class-wp-hook.php : apply_filters (316)
	 6. plugin.php : do_action (484)
	 7. admin-ajax.php : do_action (187)
==================================================================================

