********************************************************************************
DUPLICATOR-LITE PACKAGE-LOG: 17 September 2021 7h21
NOTICE: Do NOT post to public sites or forums 
********************************************************************************
VERSION:	1.4.3
WORDPRESS:	5.8.1
PHP INFO:	7.4.21 | SAPI: fpm-fcgi
SERVER:		Apache 
PHP TIME LIMIT: [165] not allowed 
PHP MAX MEMORY: 4294967296 (512M default) 
MEMORY STACK: 14MB

********************************************************************************
DATABASE:
********************************************************************************
BUILD MODE:   PHP(query limit - 100)
MYSQLTIMEOUT: 5000
MYSQLDUMP:    Is Supported
TABLES: total:18 | filtered:0 | create:18
FILTERED: []
SQL CREATED: 20210603_heorvesprixdelecture_afb314577e2373049636_20210917071832_database.sql
SQL FILE SIZE: 1.98MB (2080940)
SQL FILE TIME: 2021-09-17 07:21:21
SQL RUNTIME: 0.23 sec.

********************************************************************************
ARCHIVE (ZIP):
********************************************************************************
ARCHIVE DIR:  /home/heorvez/www
ARCHIVE FILE: 20210603_heorvesprixdelecture_afb314577e2373049636_20210917071832_archive.zip
FILTERS: *OFF*
DIRS:
	not set
FILES:
	not set
EXTS:  not set
----------------------------------------
COMPRESSING
SIZE:	133.9MB
STATS:	Dirs 1,023 | Files 7,510
SQL ADDED: 20210603_heorvesprixdelecture_afb314577e2373049636_20210917071832_database.sql
ZipArchive Object
(
    [status] => 0
    [statusSys] => 0
    [numFiles] => 8533
    [filename] => /home/heorvez/www/wp-content/backups-dup-lite/tmp/20210603_heorvesprixdelecture_afb314577e2373049636_20210917071832_archive.zip
    [comment] => 
)

FILE ADDED TO ZIP: 8532
COMPRESSION RESULT: '1'
COMPRESSED SIZE: 52.56MB
ARCHIVE RUNTIME: 26.98 sec.
MEMORY STACK: 16MB
building installer
add_extra_files1
add_extra_files2
add_extra_files3
add_extra_files4
Doing archive file check
add_extra_files5
add_extra_files6
add_extra_files8
Successfully opened zip /home/heorvez/www/wp-content/backups-dup-lite/tmp/20210603_heorvesprixdelecture_afb314577e2373049636_20210917071832_archive.zip
Adding enhanced installer files to archive using ZipArchive
Installer files added to archive
Added to archive
After ziparchive close when adding installer

********************************************************************************
INTEGRITY CHECKS:
********************************************************************************
SQL FILE: 1.98MB
INSTALLER FILE: 64.27KB
ARCHIVE FILE: 53.58MB 
COMPTE ATTENDU DE FICHIERS/RÉPERTOIRES : 8,533
COMPTE ACTUEL DE FICHIERS/RÉPERTOIRES : 8,532
TEST DE COHÉRENCE D’ARCHIVE : Bon

********************************************************************************
RECORD ID:[7]
TOTAL PROCESS RUNTIME: 29.44 sec.
PEAK PHP MEMORY USED: 18MB
DONE PROCESSING => 20210603_heorvesprixdelecture 17 September 2021 7h21

